<?xml version="1.0" encoding="UTF-8"?>
<!-- Generated by org.testng.reporters.JUnitXMLReporter -->
<testsuite hostname="DESKTOP-VITH24D" name="Test_firefox" tests="3" failures="0" timestamp="30 Jul 2019 11:39:29 GMT" time="0.062" errors="0">
  <testcase name="@BeforeMethod openAppln" time="0.0" classname="scripts.ValidUnPwd">
    <failure type="org.testng.TestNGException" message="
Parameter &amp;apos;browser&amp;apos; is required by @Configuration on method openAppln but has not been marked @Optional or defined
in D:\BANKING\Sbi\testng.xml">
      <![CDATA[org.testng.TestNGException: 
Parameter 'browser' is required by @Configuration on method openAppln but has not been marked @Optional or defined
in D:\BANKING\Sbi\testng.xml
	at java.util.concurrent.FutureTask.run(Unknown Source)
	at java.util.concurrent.ThreadPoolExecutor.runWorker(Unknown Source)
	at java.util.concurrent.ThreadPoolExecutor$Worker.run(Unknown Source)
	at java.lang.Thread.run(Unknown Source)
... Removed 15 stack frames]]>
    </failure>
  </testcase> <!-- @BeforeMethod openAppln -->
  <testcase name="@AfterMethod closeAppln" time="0.0" classname="scripts.ValidUnPwd">
    <skipped/>
  </testcase> <!-- @AfterMethod closeAppln -->
  <testcase name="@BeforeMethod openAppln" time="0.0" classname="scripts.AddToCart">
    <skipped/>
  </testcase> <!-- @BeforeMethod openAppln -->
  <testcase name="@AfterMethod closeAppln" time="0.0" classname="scripts.AddToCart">
    <skipped/>
  </testcase> <!-- @AfterMethod closeAppln -->
  <testcase name="@BeforeMethod openAppln" time="0.0" classname="scripts.InvalidUnPwd">
    <skipped/>
  </testcase> <!-- @BeforeMethod openAppln -->
  <testcase name="@AfterMethod closeAppln" time="0.0" classname="scripts.InvalidUnPwd">
    <skipped/>
  </testcase> <!-- @AfterMethod closeAppln -->
  <testcase name="testValidUnPwd" time="0.015" classname="scripts.ValidUnPwd">
    <skipped/>
  </testcase> <!-- testValidUnPwd -->
  <testcase name="testAddToCart" time="0.0" classname="scripts.AddToCart">
    <skipped/>
  </testcase> <!-- testAddToCart -->
  <testcase name="TestInvalidUnPwd" time="0.0" classname="scripts.InvalidUnPwd">
    <skipped/>
  </testcase> <!-- TestInvalidUnPwd -->
</testsuite> <!-- Test_firefox -->
