<?xml version="1.0" encoding="UTF-8"?>
<testng-results skipped="6" failed="0" total="6" passed="0">
  <reporter-output>
  </reporter-output>
  <suite name="Suite" duration-ms="62" started-at="2019-07-30T11:39:29Z" finished-at="2019-07-30T11:39:29Z">
    <groups>
    </groups>
    <test name="Test_firefox" duration-ms="62" started-at="2019-07-30T11:39:29Z" finished-at="2019-07-30T11:39:29Z">
      <class name="scripts.InvalidUnPwd">
        <test-method status="SKIP" signature="openAppln(java.lang.String)[pri:0, instance:scripts.InvalidUnPwd@7e0babb1]" name="openAppln" is-config="true" duration-ms="0" started-at="2019-07-30T17:09:29Z" finished-at="2019-07-30T17:09:29Z">
          <reporter-output>
          </reporter-output>
        </test-method> <!-- openAppln -->
        <test-method status="SKIP" signature="TestInvalidUnPwd()[pri:0, instance:scripts.InvalidUnPwd@7e0babb1]" name="TestInvalidUnPwd" duration-ms="0" started-at="2019-07-30T17:09:29Z" finished-at="2019-07-30T17:09:29Z">
          <reporter-output>
          </reporter-output>
        </test-method> <!-- TestInvalidUnPwd -->
        <test-method status="SKIP" signature="closeAppln(org.testng.ITestResult)[pri:0, instance:scripts.InvalidUnPwd@7e0babb1]" name="closeAppln" is-config="true" duration-ms="0" started-at="2019-07-30T17:09:29Z" finished-at="2019-07-30T17:09:29Z">
          <reporter-output>
          </reporter-output>
        </test-method> <!-- closeAppln -->
      </class> <!-- scripts.InvalidUnPwd -->
      <class name="scripts.ValidUnPwd">
        <test-method status="SKIP" signature="testValidUnPwd()[pri:-2, instance:scripts.ValidUnPwd@6debcae2]" name="testValidUnPwd" duration-ms="15" started-at="2019-07-30T17:09:29Z" finished-at="2019-07-30T17:09:29Z">
          <reporter-output>
          </reporter-output>
        </test-method> <!-- testValidUnPwd -->
        <test-method status="FAIL" signature="openAppln(java.lang.String)[pri:0, instance:scripts.ValidUnPwd@6debcae2]" name="openAppln" is-config="true" duration-ms="0" started-at="2019-07-30T17:09:29Z" finished-at="2019-07-30T17:09:29Z">
          <exception class="org.testng.TestNGException">
            <message>
              <![CDATA[
Parameter 'browser' is required by @Configuration on method openAppln but has not been marked @Optional or defined
in D:\BANKING\Sbi\testng.xml]]>
            </message>
            <full-stacktrace>
              <![CDATA[org.testng.TestNGException: 
Parameter 'browser' is required by @Configuration on method openAppln but has not been marked @Optional or defined
in D:\BANKING\Sbi\testng.xml
	at org.testng.internal.Parameters.createParameters(Parameters.java:154)
	at org.testng.internal.Parameters.createParameters(Parameters.java:361)
	at org.testng.internal.Parameters.createConfigurationParameters(Parameters.java:84)
	at org.testng.internal.Invoker.invokeConfigurations(Invoker.java:201)
	at org.testng.internal.Invoker.invokeMethod(Invoker.java:589)
	at org.testng.internal.Invoker.invokeTestMethod(Invoker.java:822)
	at org.testng.internal.Invoker.invokeTestMethods(Invoker.java:1130)
	at org.testng.internal.TestMethodWorker.invokeTestMethods(TestMethodWorker.java:129)
	at org.testng.internal.TestMethodWorker.run(TestMethodWorker.java:112)
	at org.testng.TestRunner.privateRun(TestRunner.java:782)
	at org.testng.TestRunner.run(TestRunner.java:632)
	at org.testng.SuiteRunner.runTest(SuiteRunner.java:366)
	at org.testng.SuiteRunner.access$000(SuiteRunner.java:39)
	at org.testng.SuiteRunner$SuiteWorker.run(SuiteRunner.java:400)
	at org.testng.internal.thread.ThreadUtil$2.call(ThreadUtil.java:64)
	at java.util.concurrent.FutureTask.run(Unknown Source)
	at java.util.concurrent.ThreadPoolExecutor.runWorker(Unknown Source)
	at java.util.concurrent.ThreadPoolExecutor$Worker.run(Unknown Source)
	at java.lang.Thread.run(Unknown Source)
]]>
            </full-stacktrace>
          </exception> <!-- org.testng.TestNGException -->
          <reporter-output>
          </reporter-output>
        </test-method> <!-- openAppln -->
        <test-method status="SKIP" signature="closeAppln(org.testng.ITestResult)[pri:0, instance:scripts.ValidUnPwd@6debcae2]" name="closeAppln" is-config="true" duration-ms="0" started-at="2019-07-30T17:09:29Z" finished-at="2019-07-30T17:09:29Z">
          <reporter-output>
          </reporter-output>
        </test-method> <!-- closeAppln -->
      </class> <!-- scripts.ValidUnPwd -->
      <class name="scripts.AddToCart">
        <test-method status="SKIP" signature="openAppln(java.lang.String)[pri:0, instance:scripts.AddToCart@7cf10a6f]" name="openAppln" is-config="true" duration-ms="0" started-at="2019-07-30T17:09:29Z" finished-at="2019-07-30T17:09:29Z">
          <reporter-output>
          </reporter-output>
        </test-method> <!-- openAppln -->
        <test-method status="SKIP" signature="testAddToCart()[pri:-1, instance:scripts.AddToCart@7cf10a6f]" name="testAddToCart" duration-ms="0" started-at="2019-07-30T17:09:29Z" finished-at="2019-07-30T17:09:29Z">
          <reporter-output>
          </reporter-output>
        </test-method> <!-- testAddToCart -->
        <test-method status="SKIP" signature="closeAppln(org.testng.ITestResult)[pri:0, instance:scripts.AddToCart@7cf10a6f]" name="closeAppln" is-config="true" duration-ms="0" started-at="2019-07-30T17:09:29Z" finished-at="2019-07-30T17:09:29Z">
          <reporter-output>
          </reporter-output>
        </test-method> <!-- closeAppln -->
      </class> <!-- scripts.AddToCart -->
    </test> <!-- Test_firefox -->
    <test name="Test_chrome" duration-ms="62" started-at="2019-07-30T11:39:29Z" finished-at="2019-07-30T11:39:29Z">
      <class name="scripts.ValidUnPwd">
        <test-method status="FAIL" signature="openAppln(java.lang.String)[pri:0, instance:scripts.ValidUnPwd@725bef66]" name="openAppln" is-config="true" duration-ms="0" started-at="2019-07-30T17:09:29Z" finished-at="2019-07-30T17:09:29Z">
          <exception class="org.testng.TestNGException">
            <message>
              <![CDATA[
Parameter 'browser' is required by @Configuration on method openAppln but has not been marked @Optional or defined
in D:\BANKING\Sbi\testng.xml]]>
            </message>
            <full-stacktrace>
              <![CDATA[org.testng.TestNGException: 
Parameter 'browser' is required by @Configuration on method openAppln but has not been marked @Optional or defined
in D:\BANKING\Sbi\testng.xml
	at org.testng.internal.Parameters.createParameters(Parameters.java:154)
	at org.testng.internal.Parameters.createParameters(Parameters.java:361)
	at org.testng.internal.Parameters.createConfigurationParameters(Parameters.java:84)
	at org.testng.internal.Invoker.invokeConfigurations(Invoker.java:201)
	at org.testng.internal.Invoker.invokeMethod(Invoker.java:589)
	at org.testng.internal.Invoker.invokeTestMethod(Invoker.java:822)
	at org.testng.internal.Invoker.invokeTestMethods(Invoker.java:1130)
	at org.testng.internal.TestMethodWorker.invokeTestMethods(TestMethodWorker.java:129)
	at org.testng.internal.TestMethodWorker.run(TestMethodWorker.java:112)
	at org.testng.TestRunner.privateRun(TestRunner.java:782)
	at org.testng.TestRunner.run(TestRunner.java:632)
	at org.testng.SuiteRunner.runTest(SuiteRunner.java:366)
	at org.testng.SuiteRunner.access$000(SuiteRunner.java:39)
	at org.testng.SuiteRunner$SuiteWorker.run(SuiteRunner.java:400)
	at org.testng.internal.thread.ThreadUtil$2.call(ThreadUtil.java:64)
	at java.util.concurrent.FutureTask.run(Unknown Source)
	at java.util.concurrent.ThreadPoolExecutor.runWorker(Unknown Source)
	at java.util.concurrent.ThreadPoolExecutor$Worker.run(Unknown Source)
	at java.lang.Thread.run(Unknown Source)
]]>
            </full-stacktrace>
          </exception> <!-- org.testng.TestNGException -->
          <reporter-output>
          </reporter-output>
        </test-method> <!-- openAppln -->
        <test-method status="SKIP" signature="testValidUnPwd()[pri:-2, instance:scripts.ValidUnPwd@725bef66]" name="testValidUnPwd" duration-ms="0" started-at="2019-07-30T17:09:29Z" finished-at="2019-07-30T17:09:29Z">
          <reporter-output>
          </reporter-output>
        </test-method> <!-- testValidUnPwd -->
        <test-method status="SKIP" signature="closeAppln(org.testng.ITestResult)[pri:0, instance:scripts.ValidUnPwd@725bef66]" name="closeAppln" is-config="true" duration-ms="0" started-at="2019-07-30T17:09:29Z" finished-at="2019-07-30T17:09:29Z">
          <reporter-output>
          </reporter-output>
        </test-method> <!-- closeAppln -->
      </class> <!-- scripts.ValidUnPwd -->
      <class name="scripts.InvalidUnPwd">
        <test-method status="SKIP" signature="openAppln(java.lang.String)[pri:0, instance:scripts.InvalidUnPwd@6833ce2c]" name="openAppln" is-config="true" duration-ms="0" started-at="2019-07-30T17:09:29Z" finished-at="2019-07-30T17:09:29Z">
          <reporter-output>
          </reporter-output>
        </test-method> <!-- openAppln -->
        <test-method status="SKIP" signature="closeAppln(org.testng.ITestResult)[pri:0, instance:scripts.InvalidUnPwd@6833ce2c]" name="closeAppln" is-config="true" duration-ms="0" started-at="2019-07-30T17:09:29Z" finished-at="2019-07-30T17:09:29Z">
          <reporter-output>
          </reporter-output>
        </test-method> <!-- closeAppln -->
        <test-method status="SKIP" signature="TestInvalidUnPwd()[pri:0, instance:scripts.InvalidUnPwd@6833ce2c]" name="TestInvalidUnPwd" duration-ms="0" started-at="2019-07-30T17:09:29Z" finished-at="2019-07-30T17:09:29Z">
          <reporter-output>
          </reporter-output>
        </test-method> <!-- TestInvalidUnPwd -->
      </class> <!-- scripts.InvalidUnPwd -->
      <class name="scripts.AddToCart">
        <test-method status="SKIP" signature="openAppln(java.lang.String)[pri:0, instance:scripts.AddToCart@6ad5c04e]" name="openAppln" is-config="true" duration-ms="0" started-at="2019-07-30T17:09:29Z" finished-at="2019-07-30T17:09:29Z">
          <reporter-output>
          </reporter-output>
        </test-method> <!-- openAppln -->
        <test-method status="SKIP" signature="closeAppln(org.testng.ITestResult)[pri:0, instance:scripts.AddToCart@6ad5c04e]" name="closeAppln" is-config="true" duration-ms="0" started-at="2019-07-30T17:09:29Z" finished-at="2019-07-30T17:09:29Z">
          <reporter-output>
          </reporter-output>
        </test-method> <!-- closeAppln -->
        <test-method status="SKIP" signature="testAddToCart()[pri:-1, instance:scripts.AddToCart@6ad5c04e]" name="testAddToCart" duration-ms="0" started-at="2019-07-30T17:09:29Z" finished-at="2019-07-30T17:09:29Z">
          <reporter-output>
          </reporter-output>
        </test-method> <!-- testAddToCart -->
      </class> <!-- scripts.AddToCart -->
    </test> <!-- Test_chrome -->
  </suite> <!-- Suite -->
</testng-results>
